Using pre-set license
Built from '2021.3/staging' branch; Version is '2021.3.4f1 (cb45f9cae8b7) revision 13321721'; Using compiler version '192829333'; Build Type 'Release'
OS: 'Windows 11  (10.0.22000) 64bit Core' Language: 'en' Physical Memory: 16236 MB
BatchMode: 1, IsHumanControllingUs: 0, StartBugReporterOnCrash: 0, Is64bit: 1, IsPro: 1

COMMAND LINE ARGUMENTS:
C:\Program Files\Unity\Hub\Editor\2021.3.4f1\Editor\Unity.exe
-adb2
-batchMode
-noUpm
-name
AssetImportWorker2
-projectPath
C:/Users/syedj/Testproject
-logFile
Logs/AssetImportWorker2.log
-srvPort
49182
Successfully changed project path to: C:/Users/syedj/Testproject
C:/Users/syedj/Testproject
[UnityMemory] Configuration Parameters - Can be set up in boot.config
    "memorysetup-bucket-allocator-granularity=16"
    "memorysetup-bucket-allocator-bucket-count=8"
    "memorysetup-bucket-allocator-block-size=33554432"
    "memorysetup-bucket-allocator-block-count=8"
    "memorysetup-main-allocator-block-size=16777216"
    "memorysetup-thread-allocator-block-size=16777216"
    "memorysetup-gfx-main-allocator-block-size=16777216"
    "memorysetup-gfx-thread-allocator-block-size=16777216"
    "memorysetup-cache-allocator-block-size=4194304"
    "memorysetup-typetree-allocator-block-size=2097152"
    "memorysetup-profiler-bucket-allocator-granularity=16"
    "memorysetup-profiler-bucket-allocator-bucket-count=8"
    "memorysetup-profiler-bucket-allocator-block-size=33554432"
    "memorysetup-profiler-bucket-allocator-block-count=8"
    "memorysetup-profiler-allocator-block-size=16777216"
    "memorysetup-profiler-editor-allocator-block-size=1048576"
    "memorysetup-temp-allocator-size-main=16777216"
    "memorysetup-job-temp-allocator-block-size=2097152"
    "memorysetup-job-temp-allocator-block-size-background=1048576"
    "memorysetup-job-temp-allocator-reduction-small-platforms=262144"
    "memorysetup-temp-allocator-size-background-worker=32768"
    "memorysetup-temp-allocator-size-job-worker=262144"
    "memorysetup-temp-allocator-size-preload-manager=33554432"
    "memorysetup-temp-allocator-size-nav-mesh-worker=65536"
    "memorysetup-temp-allocator-size-audio-worker=65536"
    "memorysetup-temp-allocator-size-cloud-worker=32768"
    "memorysetup-temp-allocator-size-gi-baking-worker=262144"
    "memorysetup-temp-allocator-size-gfx=262144"
Refreshing native plugins compatible for Editor in 211.22 ms, found 10 plugins.
Preloading 1 native plugins for Editor in 3.74 ms.
Initialize engine version: 2021.3.4f1 (cb45f9cae8b7)
[Subsystems] Discovering subsystems at path C:/Program Files/Unity/Hub/Editor/2021.3.4f1/Editor/Data/Resources/UnitySubsystems
[Subsystems] Discovering subsystems at path C:/Users/syedj/Testproject/Assets
GfxDevice: creating device client; threaded=0; jobified=0
Direct3D:
    Version:  Direct3D 11.0 [level 11.1]
    Renderer: NVIDIA GeForce RTX 3080 Laptop GPU (ID=0x24dc)
    Vendor:   NVIDIA
    VRAM:     16202 MB
    Driver:   30.0.15.1236
Shader 'Oculus/OVRMRCameraFrameLit': fallback shader 'Alpha-Diffuse' not found
Initialize mono
Mono path[0] = 'C:/Program Files/Unity/Hub/Editor/2021.3.4f1/Editor/Data/Managed'
Mono path[1] = 'C:/Program Files/Unity/Hub/Editor/2021.3.4f1/Editor/Data/MonoBleedingEdge/lib/mono/unityjit-win32'
Mono config path = 'C:/Program Files/Unity/Hub/Editor/2021.3.4f1/Editor/Data/MonoBleedingEdge/etc'
Using monoOptions --debugger-agent=transport=dt_socket,embedding=1,server=y,suspend=n,address=127.0.0.1:56456
Begin MonoManager ReloadAssembly
Registering precompiled unity dll's ...
Register platform support module: C:/Program Files/Unity/Hub/Editor/2021.3.4f1/Editor/Data/PlaybackEngines/WebGLSupport/UnityEditor.WebGL.Extensions.dll
Register platform support module: C:/Program Files/Unity/Hub/Editor/2021.3.4f1/Editor/Data/PlaybackEngines/WindowsStandaloneSupport/UnityEditor.WindowsStandalone.Extensions.dll
Registered in 0.008662 seconds.
Native extension for WindowsStandalone target not found
Native extension for WebGL target not found
Refreshing native plugins compatible for Editor in 190.42 ms, found 10 plugins.
Preloading 1 native plugins for Editor in 0.12 ms.
Mono: successfully reloaded assembly
- Completed reload, in  0.929 seconds
Domain Reload Profiling:
	ReloadAssembly (930ms)
		BeginReloadAssembly (104ms)
			ExecutionOrderSort (0ms)
			DisableScriptedObjects (0ms)
			BackupInstance (0ms)
			ReleaseScriptingObjects (0ms)
			CreateAndSetChildDomain (1ms)
		EndReloadAssembly (679ms)
			LoadAssemblies (102ms)
			RebuildTransferFunctionScriptingTraits (0ms)
			SetupTypeCache (122ms)
			ReleaseScriptCaches (0ms)
			RebuildScriptCaches (34ms)
			SetupLoadedEditorAssemblies (450ms)
				LogAssemblyErrors (0ms)
				InitializePlatformSupportModulesInManaged (12ms)
				SetLoadedEditorAssemblies (0ms)
				RefreshPlugins (191ms)
				BeforeProcessingInitializeOnLoad (2ms)
				ProcessInitializeOnLoadAttributes (185ms)
				ProcessInitializeOnLoadMethodAttributes (60ms)
				AfterProcessingInitializeOnLoad (0ms)
				EditorAssembliesLoaded (0ms)
			ExecutionOrderSort2 (0ms)
			AwakeInstancesAfterBackupRestoration (0ms)
Platform modules already initialized, skipping
Registering precompiled user dll's ...
Registered in 0.020975 seconds.
Begin MonoManager ReloadAssembly
Symbol file LoadedFromMemory doesn't match image C:\Users\syedj\Testproject\Library\PackageCache\com.unity.visualscripting@1.7.8\Editor\VisualScripting.Core\Dependencies\DotNetZip\Unity.VisualScripting.IonicZip.dll
Symbol file LoadedFromMemory doesn't match image C:\Users\syedj\Testproject\Library\PackageCache\com.unity.visualscripting@1.7.8\Editor\VisualScripting.Core\Dependencies\YamlDotNet\Unity.VisualScripting.YamlDotNet.dll
Native extension for WindowsStandalone target not found
Native extension for WebGL target not found
Refreshing native plugins compatible for Editor in 144.02 ms, found 10 plugins.
Preloading 1 native plugins for Editor in 0.07 ms.
Package Manager log level set to [2]
[XR] OculusXRPlugin: registering subsystems
[XR] Unable to register display lifecyle provider: [1]
[XR] Oculus Input lifecycle provider registered.
[XR] Unable to register input lifecyle provider: [1]
[XR] OVRP version 1.73.0
Mono: successfully reloaded assembly
- Completed reload, in  1.457 seconds
Domain Reload Profiling:
	ReloadAssembly (1458ms)
		BeginReloadAssembly (130ms)
			ExecutionOrderSort (0ms)
			DisableScriptedObjects (7ms)
			BackupInstance (0ms)
			ReleaseScriptingObjects (0ms)
			CreateAndSetChildDomain (20ms)
		EndReloadAssembly (1181ms)
			LoadAssemblies (111ms)
			RebuildTransferFunctionScriptingTraits (0ms)
			SetupTypeCache (275ms)
			ReleaseScriptCaches (1ms)
			RebuildScriptCaches (75ms)
			SetupLoadedEditorAssemblies (682ms)
				LogAssemblyErrors (0ms)
				InitializePlatformSupportModulesInManaged (6ms)
				SetLoadedEditorAssemblies (0ms)
				RefreshPlugins (144ms)
				BeforeProcessingInitializeOnLoad (134ms)
				ProcessInitializeOnLoadAttributes (339ms)
				ProcessInitializeOnLoadMethodAttributes (51ms)
				AfterProcessingInitializeOnLoad (8ms)
				EditorAssembliesLoaded (0ms)
			ExecutionOrderSort2 (0ms)
			AwakeInstancesAfterBackupRestoration (8ms)
Platform modules already initialized, skipping
========================================================================
Worker process is ready to serve import requests
Shader 'Oculus/OVRMRCameraFrameLit': fallback shader 'Alpha-Diffuse' not found
Launched and connected shader compiler UnityShaderCompiler.exe after 0.05 seconds
Refreshing native plugins compatible for Editor in 1.60 ms, found 10 plugins.
Preloading 1 native plugins for Editor in 0.10 ms.
Unloading 5733 Unused Serialized files (Serialized files now loaded: 0)
Unloading 67 unused Assets / (189.6 KB). Loaded Objects now: 6162.
Memory consumption went from 203.7 MB to 203.5 MB.
Total: 5.092500 ms (FindLiveObjects: 0.588600 ms CreateObjectMapping: 0.388700 ms MarkObjects: 3.886700 ms  DeleteObjects: 0.227100 ms)

AssetImportParameters requested are different than current active one (requested -> active):
  custom:video-decoder-ogg-theora: a1e56fd34408186e4bbccfd4996cb3dc -> 
  custom:container-muxer-webm: aa71ff27fc2769a1b78a27578f13a17b -> 
  custom:container-demuxer-webm: 4f35f7cbe854078d1ac9338744f61a02 -> 
  custom:video-encoder-webm-vp8: eb34c28f22e8b96e1ab97ce403110664 -> 
  custom:video-codec-MediaFoundation-h265: 746d11721c4dcdbdad8f713fa42b33f4 -> 
  custom:audio-encoder-webm-vorbis: bf7c407c2cedff20999df2af8eb42d56 -> 
  custom:framework-win-MediaFoundation: 216162199b28c13a410421893ffa2e32 -> 
  custom:container-demuxer-ogg: 62fdf1f143b41e24485cea50d1cbac27 -> 
  custom:video-decoder-webm-vp8: 9c59270c3fd7afecdb556c50c9e8de78 -> 
  custom:audio-decoder-ogg-vorbis: bf7c407c2cedff20999df2af8eb42d56 -> 
========================================================================
Received Import Request.
  Time since last request: 73856.770055 seconds.
  path: Assets/XR
  artifactKey: Guid(3a4223adceb5bdb47b307fb629903482) Importer(815301076,1909f56bfc062723c751e8b465ee728b)
Start importing Assets/XR using Guid(3a4223adceb5bdb47b307fb629903482) Importer(815301076,1909f56bfc062723c751e8b465ee728b)  -> (artifact id: '972695f1a7e3cd87aa2a1ce5c252fc65') in 0.012849 seconds 
========================================================================
Received Import Request.
  Time since last request: 0.123462 seconds.
  path: Assets/XR/XRGeneralSettings.asset
  artifactKey: Guid(3a847e65e4d7899439ba3d7cf843d2bd) Importer(815301076,1909f56bfc062723c751e8b465ee728b)
Start importing Assets/XR/XRGeneralSettings.asset using Guid(3a847e65e4d7899439ba3d7cf843d2bd) Importer(815301076,1909f56bfc062723c751e8b465ee728b)  -> (artifact id: '1c662e71fbbb436e17c20bbc4a30f326') in 0.045095 seconds 
========================================================================
Received Import Request.
  Time since last request: 1.471163 seconds.
  path: Assets/XR/Loaders
  artifactKey: Guid(c10cfb2febda9974b9de514badc061e1) Importer(815301076,1909f56bfc062723c751e8b465ee728b)
Start importing Assets/XR/Loaders using Guid(c10cfb2febda9974b9de514badc061e1) Importer(815301076,1909f56bfc062723c751e8b465ee728b)  -> (artifact id: '1030c5b99058646bae165fa1cbdc9b98') in 0.008919 seconds 
========================================================================
Received Import Request.
  Time since last request: 0.133204 seconds.
  path: Assets/XR/Loaders/Oculus Loader.asset
  artifactKey: Guid(51b2c6ab14b0fd649b0b9931dde276a1) Importer(815301076,1909f56bfc062723c751e8b465ee728b)
Start importing Assets/XR/Loaders/Oculus Loader.asset using Guid(51b2c6ab14b0fd649b0b9931dde276a1) Importer(815301076,1909f56bfc062723c751e8b465ee728b)  -> (artifact id: 'a9b085cb6ef77122add848c8d1000c8b') in 0.002865 seconds 
========================================================================
Received Import Request.
  Time since last request: 2.486374 seconds.
  path: Assets/XR/Settings
  artifactKey: Guid(f5c2e78dfffbab04cb29417eb1a21b3a) Importer(815301076,1909f56bfc062723c751e8b465ee728b)
Start importing Assets/XR/Settings using Guid(f5c2e78dfffbab04cb29417eb1a21b3a) Importer(815301076,1909f56bfc062723c751e8b465ee728b)  -> (artifact id: 'd9d07e6d6f80f87a826e1131646521b2') in 0.009279 seconds 
========================================================================
Received Import Request.
  Time since last request: 0.132734 seconds.
  path: Assets/XR/Settings/Oculus Settings.asset
  artifactKey: Guid(27c521df6bfcd04418e9f47e1de14850) Importer(815301076,1909f56bfc062723c751e8b465ee728b)
Start importing Assets/XR/Settings/Oculus Settings.asset using Guid(27c521df6bfcd04418e9f47e1de14850) Importer(815301076,1909f56bfc062723c751e8b465ee728b)  -> (artifact id: 'ae2ca83fc8b8307104e1d2efa509ea52') in 0.003693 seconds 
========================================================================
Received Import Request.
  Time since last request: 5.836476 seconds.
  path: Assets/XRI
  artifactKey: Guid(9f31603b95cebf64e91a24bd35d90cb9) Importer(815301076,1909f56bfc062723c751e8b465ee728b)
Start importing Assets/XRI using Guid(9f31603b95cebf64e91a24bd35d90cb9) Importer(815301076,1909f56bfc062723c751e8b465ee728b)  -> (artifact id: '7428f1d6a26ab2578b120786058137ed') in 0.002323 seconds 
========================================================================
Received Import Request.
  Time since last request: 1.699861 seconds.
  path: Assets/XRI/Settings
  artifactKey: Guid(a1731c3e61515d44ab3e3d2a7bfdd96d) Importer(815301076,1909f56bfc062723c751e8b465ee728b)
Start importing Assets/XRI/Settings using Guid(a1731c3e61515d44ab3e3d2a7bfdd96d) Importer(815301076,1909f56bfc062723c751e8b465ee728b)  -> (artifact id: '06f2d04fd1a03620f436dd7758ec205b') in 0.001963 seconds 
========================================================================
Received Import Request.
  Time since last request: 0.133310 seconds.
  path: Assets/XRI/Settings/XRInteractionEditorSettings.asset
  artifactKey: Guid(211b1366133457c4991f4b2d810cfbf4) Importer(815301076,1909f56bfc062723c751e8b465ee728b)
Start importing Assets/XRI/Settings/XRInteractionEditorSettings.asset using Guid(211b1366133457c4991f4b2d810cfbf4) Importer(815301076,1909f56bfc062723c751e8b465ee728b)  -> (artifact id: '7dd7c57ade73290558c65f07ce1c7bef') in 0.004924 seconds 
========================================================================
Received Import Request.
  Time since last request: 0.828894 seconds.
  path: Assets/XRI/Settings/Resources
  artifactKey: Guid(344fbe36748ea5040bdc3a63b37fcaa9) Importer(815301076,1909f56bfc062723c751e8b465ee728b)
Start importing Assets/XRI/Settings/Resources using Guid(344fbe36748ea5040bdc3a63b37fcaa9) Importer(815301076,1909f56bfc062723c751e8b465ee728b)  -> (artifact id: '2524939480075e5e48b73815d48fff43') in 0.008882 seconds 
========================================================================
Received Import Request.
  Time since last request: 0.132032 seconds.
  path: Assets/XRI/Settings/Resources/InteractionLayerSettings.asset
  artifactKey: Guid(cff92234342d8d14cb174e96e9d78750) Importer(815301076,1909f56bfc062723c751e8b465ee728b)
Start importing Assets/XRI/Settings/Resources/InteractionLayerSettings.asset using Guid(cff92234342d8d14cb174e96e9d78750) Importer(815301076,1909f56bfc062723c751e8b465ee728b)  -> (artifact id: '4b166c4867d567d1ca531c14297fd8bd') in 0.009892 seconds 
